<?xml version="1.0" encoding="UTF-8"?>
<!-- Generated by org.testng.reporters.JUnitReportReporter -->
<testsuite hostname="Murtuzz" failures="0" tests="3" name="practise.DataProvider1" time="0.015" errors="0" timestamp="2024-06-12T11:06:03 IST" skipped="0">
  <testcase classname="practise.DataProvider1" name="CreateContactTest" time="0.002"/>
  <testcase classname="practise.DataProvider1" name="CreateContactTest" time="0.010"/>
  <testcase classname="practise.DataProvider1" name="CreateContactTest" time="0.003"/>
</testsuite> <!-- practise.DataProvider1 -->
