<?xml version="1.0" encoding="UTF-8"?>
<!-- Generated by org.testng.reporters.JUnitReportReporter -->
<testsuite hostname="Murtuzz" failures="0" tests="1" name="CreateContactTest" time="5.851" errors="0" timestamp="2024-06-08T12:24:07 IST" skipped="0">
  <testcase classname="CreateContactTest" name="Createcontact" time="5.851"/>
</testsuite> <!-- CreateContactTest -->
