<?xml version="1.0" encoding="UTF-8"?>
<!-- Generated by org.testng.reporters.JUnitReportReporter -->
<testsuite hostname="Murtuzz" failures="0" tests="11" name="practise.InvocationCountTest" time="0.031" errors="0" timestamp="2024-06-11T16:41:11 IST" skipped="1">
  <testcase classname="practise.InvocationCountTest" name="createOrderTest" time="0.002"/>
  <testcase classname="practise.InvocationCountTest" name="createOrderTest" time="0.013"/>
  <testcase classname="practise.InvocationCountTest" name="createOrderTest" time="0.001"/>
  <testcase classname="practise.InvocationCountTest" name="createOrderTest" time="0.001"/>
  <testcase classname="practise.InvocationCountTest" name="createOrderTest" time="0.001"/>
  <testcase classname="practise.InvocationCountTest" name="createOrderTest" time="0.002"/>
  <testcase classname="practise.InvocationCountTest" name="createOrderTest" time="0.004"/>
  <testcase classname="practise.InvocationCountTest" name="createOrderTest" time="0.002"/>
  <testcase classname="practise.InvocationCountTest" name="createOrderTest" time="0.003"/>
  <testcase classname="practise.InvocationCountTest" name="createOrderTest" time="0.002"/>
  <testcase classname="practise.InvocationCountTest" name="billingOrderTest">
    <skipped/>
  </testcase> <!-- billingOrderTest -->
</testsuite> <!-- practise.InvocationCountTest -->
