<?xml version="1.0" encoding="UTF-8"?>
<!-- Generated by org.testng.reporters.JUnitReportReporter -->
<testsuite hostname="Murtuzz" failures="0" tests="3" name="practise.CreateContactGroupTest" time="0.005" errors="0" timestamp="2024-06-15T11:00:14 IST" skipped="0">
  <testcase classname="practise.CreateContactGroupTest" name="createContactGroupTest2" time="0.002"/>
  <testcase classname="practise.CreateContactGroupTest" name="createContactGroupTest3" time="0.002"/>
  <testcase classname="practise.CreateContactGroupTest" name="createContactGroupTest1" time="0.001"/>
</testsuite> <!-- practise.CreateContactGroupTest -->
