<?xml version="1.0" encoding="UTF-8"?>
<!-- Generated by org.testng.reporters.JUnitReportReporter -->
<testsuite hostname="Murtuzz" failures="0" tests="1" name="practise.IRTC" time="11.386" errors="0" timestamp="2024-06-15T10:17:18 IST" skipped="0">
  <testcase classname="practise.IRTC" name="irtcTest" time="11.386"/>
</testsuite> <!-- practise.IRTC -->
