<?xml version="1.0" encoding="UTF-8"?>
<!-- Generated by org.testng.reporters.JUnitReportReporter -->
<testsuite hostname="Murtuzz" failures="0" tests="10" name="practise.TheardPoolSize" time="40.864" errors="0" timestamp="2024-06-14T11:51:20 IST" skipped="0">
  <testcase classname="practise.TheardPoolSize" name="createContactTest" time="5.416"/>
  <testcase classname="practise.TheardPoolSize" name="createContactTest" time="3.497"/>
  <testcase classname="practise.TheardPoolSize" name="createContactTest" time="4.028"/>
  <testcase classname="practise.TheardPoolSize" name="createContactTest" time="3.970"/>
  <testcase classname="practise.TheardPoolSize" name="createContactTest" time="3.512"/>
  <testcase classname="practise.TheardPoolSize" name="createContactTest" time="5.416"/>
  <testcase classname="practise.TheardPoolSize" name="createContactTest" time="3.594"/>
  <testcase classname="practise.TheardPoolSize" name="createContactTest" time="3.796"/>
  <testcase classname="practise.TheardPoolSize" name="createContactTest" time="3.828"/>
  <testcase classname="practise.TheardPoolSize" name="createContactTest" time="3.807"/>
</testsuite> <!-- practise.TheardPoolSize -->
