<?xml version="1.0" encoding="UTF-8"?>
<!-- Generated by org.testng.reporters.JUnitReportReporter -->
<testsuite hostname="Murtuzz" failures="0" tests="3" name="practise.DataProvider2" time="0.017" errors="0" timestamp="2024-06-12T16:08:00 IST" skipped="0">
  <testcase classname="practise.DataProvider2" name="CreateContactTest" time="0.003"/>
  <testcase classname="practise.DataProvider2" name="CreateContactTest" time="0.011"/>
  <testcase classname="practise.DataProvider2" name="CreateContactTest" time="0.003"/>
</testsuite> <!-- practise.DataProvider2 -->
