<?xml version="1.0" encoding="UTF-8"?>
<!-- Generated by org.testng.reporters.JUnitReportReporter -->
<testsuite hostname="Murtuzz" failures="0" tests="1" name="ScreenShot" time="4.601" errors="0" timestamp="2024-06-19T13:06:05 IST" skipped="0">
  <testcase classname="ScreenShot" name="amazonTest" time="4.601"/>
</testsuite> <!-- ScreenShot -->
