<?xml version="1.0" encoding="UTF-8"?>
<!-- Generated by org.testng.reporters.JUnitReportReporter -->
<testsuite hostname="Murtuzz" failures="0" tests="3" name="practise.OrgGroupTest" time="0.017" errors="0" timestamp="2024-06-15T11:00:14 IST" skipped="0">
  <testcase classname="practise.OrgGroupTest" name="orgGroup3Test" time="0.002"/>
  <testcase classname="practise.OrgGroupTest" name="orgGroup1Test" time="0.013"/>
  <testcase classname="practise.OrgGroupTest" name="orgGroup2Test" time="0.002"/>
</testsuite> <!-- practise.OrgGroupTest -->
