<?xml version="1.0" encoding="UTF-8"?>
<!-- Generated by org.testng.reporters.JUnitReportReporter -->
<testsuite hostname="Murtuzz" failures="0" tests="1" name="practise.CreateContactTest" time="0.013" errors="0" timestamp="2024-06-18T15:20:49 IST" skipped="0">
  <testcase classname="practise.CreateContactTest" name="contactTest" time="0.013"/>
</testsuite> <!-- practise.CreateContactTest -->
