<?xml version="1.0" encoding="UTF-8"?>
<!-- Generated by org.testng.reporters.JUnitReportReporter -->
<testsuite hostname="Murtuzz" failures="0" tests="39" name="practise.DataProviderPractise" time="0.065" errors="0" timestamp="2024-06-19T17:51:08 IST" skipped="0">
  <testcase classname="practise.DataProviderPractise" name="CreateContactTest" time="0.002"/>
  <testcase classname="practise.DataProviderPractise" name="CreateContactTest" time="0.001"/>
  <testcase classname="practise.DataProviderPractise" name="CreateContactTest" time="0.002"/>
  <testcase classname="practise.DataProviderPractise" name="CreateContactTest" time="0.002"/>
  <testcase classname="practise.DataProviderPractise" name="CreateContactTest" time="0.001"/>
  <testcase classname="practise.DataProviderPractise" name="CreateContactTest" time="0.000"/>
  <testcase classname="practise.DataProviderPractise" name="CreateContactTest" time="0.001"/>
  <testcase classname="practise.DataProviderPractise" name="CreateContactTest" time="0.001"/>
  <testcase classname="practise.DataProviderPractise" name="CreateContactTest" time="0.001"/>
  <testcase classname="practise.DataProviderPractise" name="CreateContactTest" time="0.003"/>
  <testcase classname="practise.DataProviderPractise" name="CreateContactTest" time="0.000"/>
  <testcase classname="practise.DataProviderPractise" name="CreateContactTest" time="0.001"/>
  <testcase classname="practise.DataProviderPractise" name="CreateContactTest" time="0.002"/>
  <testcase classname="practise.DataProviderPractise" name="CreateContactTest" time="0.001"/>
  <testcase classname="practise.DataProviderPractise" name="CreateContactTest" time="0.001"/>
  <testcase classname="practise.DataProviderPractise" name="CreateContactTest" time="0.002"/>
  <testcase classname="practise.DataProviderPractise" name="CreateContactTest" time="0.001"/>
  <testcase classname="practise.DataProviderPractise" name="CreateContactTest" time="0.003"/>
  <testcase classname="practise.DataProviderPractise" name="CreateContactTest" time="0.001"/>
  <testcase classname="practise.DataProviderPractise" name="CreateContactTest" time="0.002"/>
  <testcase classname="practise.DataProviderPractise" name="CreateContactTest" time="0.001"/>
  <testcase classname="practise.DataProviderPractise" name="CreateContactTest" time="0.002"/>
  <testcase classname="practise.DataProviderPractise" name="CreateContactTest" time="0.011"/>
  <testcase classname="practise.DataProviderPractise" name="CreateContactTest" time="0.003"/>
  <testcase classname="practise.DataProviderPractise" name="CreateContactTest" time="0.001"/>
  <testcase classname="practise.DataProviderPractise" name="CreateContactTest" time="0.003"/>
  <testcase classname="practise.DataProviderPractise" name="CreateContactTest" time="0.001"/>
  <testcase classname="practise.DataProviderPractise" name="CreateContactTest" time="0.001"/>
  <testcase classname="practise.DataProviderPractise" name="CreateContactTest" time="0.002"/>
  <testcase classname="practise.DataProviderPractise" name="CreateContactTest" time="0.002"/>
  <testcase classname="practise.DataProviderPractise" name="CreateContactTest" time="0.000"/>
  <testcase classname="practise.DataProviderPractise" name="CreateContactTest" time="0.001"/>
  <testcase classname="practise.DataProviderPractise" name="CreateContactTest" time="0.002"/>
  <testcase classname="practise.DataProviderPractise" name="CreateContactTest" time="0.001"/>
  <testcase classname="practise.DataProviderPractise" name="CreateContactTest" time="0.001"/>
  <testcase classname="practise.DataProviderPractise" name="CreateContactTest" time="0.001"/>
  <testcase classname="practise.DataProviderPractise" name="CreateContactTest" time="0.002"/>
  <testcase classname="practise.DataProviderPractise" name="CreateContactTest" time="0.001"/>
  <testcase classname="practise.DataProviderPractise" name="CreateContactTest" time="0.001"/>
</testsuite> <!-- practise.DataProviderPractise -->
